<?xml version="1.0" encoding="UTF-8"?>
<!-- Generated by org.testng.reporters.JUnitReportReporter -->
<testsuite skipped="0" hostname="Shashank-PC" name="TestFeatures.LoginFeatureTest" tests="1" failures="0" timestamp="20 Oct 2019 17:10:16 GMT" time="0.172" errors="0">
  <testcase name="login_test1" time="0.172" classname="TestFeatures.LoginFeatureTest"/>
</testsuite> <!-- TestFeatures.LoginFeatureTest -->
